This is pdfTeX, Version 3.141592653-2.6-1.40.22 (TeX Live 2021/W32TeX) (preloaded format=pdflatex 2021.4.3)  29 OCT 2022 19:25
entering extended mode
 restricted \write18 enabled.
 %&-line parsing enabled.
**rapportSteinerMaxencePerion.tex
(./rapportSteinerMaxencePerion.tex
LaTeX2e <2020-10-01> patch level 4
L3 programming layer <2021-02-18>
(d:/texlive/2021/texmf-dist/tex/latex/base/article.cls
Document Class: article 2020/04/10 v1.4m Standard LaTeX document class
(d:/texlive/2021/texmf-dist/tex/latex/base/size10.clo
File: size10.clo 2020/04/10 v1.4m Standard LaTeX file (size option)
)
\c@part=\count179
\c@section=\count180
\c@subsection=\count181
\c@subsubsection=\count182
\c@paragraph=\count183
\c@subparagraph=\count184
\c@figure=\count185
\c@table=\count186
\abovecaptionskip=\skip47
\belowcaptionskip=\skip48
\bibindent=\dimen138
)
(d:/texlive/2021/texmf-dist/tex/generic/babel/babel.sty
Package: babel 2021/03/24 3.56 The Babel package

(d:/texlive/2021/texmf-dist/tex/generic/babel/babel.def
File: babel.def 2021/03/24 3.56 Babel common definitions
\babel@savecnt=\count187
\U@D=\dimen139
\l@babelnohyphens=\language87

(d:/texlive/2021/texmf-dist/tex/generic/babel/txtbabel.def)
\bbl@readstream=\read2
)
\bbl@dirlevel=\count188

(d:/texlive/2021/texmf-dist/tex/generic/babel-french/french.ldf
Language: french 2020/10/10 v3.5l French support from the babel system
Package babel Info: \l@acadian = using hyphenrules for french
(babel)             (\language29) on input line 91.
Package babel Info: \l@canadien = using hyphenrules for french
(babel)             (\language29) on input line 92.
\FB@nonchar=\count189
Package babel Info: Making : an active character on input line 430.
Package babel Info: Making ; an active character on input line 431.
Package babel Info: Making ! an active character on input line 432.
Package babel Info: Making ? an active character on input line 433.
\FBguill@level=\count190
\FBold@everypar=\toks15
\FB@Mht=\dimen140
\mc@charclass=\count191
\mc@charfam=\count192
\mc@charslot=\count193
\std@mcc=\count194
\dec@mcc=\count195
\listindentFB=\dimen141
\descindentFB=\dimen142
\labelindentFB=\dimen143
\labelwidthFB=\dimen144
\leftmarginFB=\dimen145
\parindentFFN=\dimen146
\FBfnindent=\dimen147
))
(d:/texlive/2021/texmf-dist/tex/latex/carlisle/scalefnt.sty)
(d:/texlive/2021/texmf-dist/tex/latex/graphics/keyval.sty
Package: keyval 2014/10/28 v1.15 key=value parser (DPC)
\KV@toks@=\toks16
)
(d:/texlive/2021/texmf-dist/tex/latex/base/inputenc.sty
Package: inputenc 2020/08/01 v1.3d Input encoding file
\inpenc@prehook=\toks17
\inpenc@posthook=\toks18
)
(d:/texlive/2021/texmf-dist/tex/latex/base/fontenc.sty
Package: fontenc 2020/08/10 v2.0s Standard LaTeX package
)
(d:/texlive/2021/texmf-dist/tex/latex/float/float.sty
Package: float 2001/11/08 v1.3d Float enhancements (AL)
\c@float@type=\count196
\float@exts=\toks19
\float@box=\box47
\@float@everytoks=\toks20
\@floatcapt=\box48
)
(d:/texlive/2021/texmf-dist/tex/latex/graphics/graphicx.sty
Package: graphicx 2020/09/09 v1.2b Enhanced LaTeX Graphics (DPC,SPQR)

(d:/texlive/2021/texmf-dist/tex/latex/graphics/graphics.sty
Package: graphics 2020/08/30 v1.4c Standard LaTeX Graphics (DPC,SPQR)

(d:/texlive/2021/texmf-dist/tex/latex/graphics/trig.sty
Package: trig 2016/01/03 v1.10 sin cos tan (DPC)
)
(d:/texlive/2021/texmf-dist/tex/latex/graphics-cfg/graphics.cfg
File: graphics.cfg 2016/06/04 v1.11 sample graphics configuration
)
Package graphics Info: Driver file: pdftex.def on input line 105.

(d:/texlive/2021/texmf-dist/tex/latex/graphics-def/pdftex.def
File: pdftex.def 2020/10/05 v1.2a Graphics/color driver for pdftex
))
\Gin@req@height=\dimen148
\Gin@req@width=\dimen149
)
(d:/texlive/2021/texmf-dist/tex/latex/pgf/frontendlayer/tikz.sty
(d:/texlive/2021/texmf-dist/tex/latex/pgf/basiclayer/pgf.sty
(d:/texlive/2021/texmf-dist/tex/latex/pgf/utilities/pgfrcs.sty
(d:/texlive/2021/texmf-dist/tex/generic/pgf/utilities/pgfutil-common.tex
\pgfutil@everybye=\toks21
\pgfutil@tempdima=\dimen150
\pgfutil@tempdimb=\dimen151

(d:/texlive/2021/texmf-dist/tex/generic/pgf/utilities/pgfutil-common-lists.tex)
) (d:/texlive/2021/texmf-dist/tex/generic/pgf/utilities/pgfutil-latex.def
\pgfutil@abb=\box49
)
(d:/texlive/2021/texmf-dist/tex/generic/pgf/utilities/pgfrcs.code.tex
(d:/texlive/2021/texmf-dist/tex/generic/pgf/pgf.revision.tex)
Package: pgfrcs 2020/12/27 v3.1.8b (3.1.8b)
))
Package: pgf 2020/12/27 v3.1.8b (3.1.8b)

(d:/texlive/2021/texmf-dist/tex/latex/pgf/basiclayer/pgfcore.sty
(d:/texlive/2021/texmf-dist/tex/latex/pgf/systemlayer/pgfsys.sty
(d:/texlive/2021/texmf-dist/tex/generic/pgf/systemlayer/pgfsys.code.tex
Package: pgfsys 2020/12/27 v3.1.8b (3.1.8b)

(d:/texlive/2021/texmf-dist/tex/generic/pgf/utilities/pgfkeys.code.tex
\pgfkeys@pathtoks=\toks22
\pgfkeys@temptoks=\toks23

(d:/texlive/2021/texmf-dist/tex/generic/pgf/utilities/pgfkeysfiltered.code.tex
\pgfkeys@tmptoks=\toks24
))
\pgf@x=\dimen152
\pgf@y=\dimen153
\pgf@xa=\dimen154
\pgf@ya=\dimen155
\pgf@xb=\dimen156
\pgf@yb=\dimen157
\pgf@xc=\dimen158
\pgf@yc=\dimen159
\pgf@xd=\dimen160
\pgf@yd=\dimen161
\w@pgf@writea=\write3
\r@pgf@reada=\read3
\c@pgf@counta=\count197
\c@pgf@countb=\count198
\c@pgf@countc=\count199
\c@pgf@countd=\count266
\t@pgf@toka=\toks25
\t@pgf@tokb=\toks26
\t@pgf@tokc=\toks27
\pgf@sys@id@count=\count267
 (d:/texlive/2021/texmf-dist/tex/generic/pgf/systemlayer/pgf.cfg
File: pgf.cfg 2020/12/27 v3.1.8b (3.1.8b)
)
Driver file for pgf: pgfsys-pdftex.def

(d:/texlive/2021/texmf-dist/tex/generic/pgf/systemlayer/pgfsys-pdftex.def
File: pgfsys-pdftex.def 2020/12/27 v3.1.8b (3.1.8b)

(d:/texlive/2021/texmf-dist/tex/generic/pgf/systemlayer/pgfsys-common-pdf.def
File: pgfsys-common-pdf.def 2020/12/27 v3.1.8b (3.1.8b)
)))
(d:/texlive/2021/texmf-dist/tex/generic/pgf/systemlayer/pgfsyssoftpath.code.tex
File: pgfsyssoftpath.code.tex 2020/12/27 v3.1.8b (3.1.8b)
\pgfsyssoftpath@smallbuffer@items=\count268
\pgfsyssoftpath@bigbuffer@items=\count269
)
(d:/texlive/2021/texmf-dist/tex/generic/pgf/systemlayer/pgfsysprotocol.code.tex
File: pgfsysprotocol.code.tex 2020/12/27 v3.1.8b (3.1.8b)
)) (d:/texlive/2021/texmf-dist/tex/latex/xcolor/xcolor.sty
Package: xcolor 2016/05/11 v2.12 LaTeX color extensions (UK)

(d:/texlive/2021/texmf-dist/tex/latex/graphics-cfg/color.cfg
File: color.cfg 2016/01/02 v1.6 sample color configuration
)
Package xcolor Info: Driver file: pdftex.def on input line 225.
Package xcolor Info: Model `cmy' substituted by `cmy0' on input line 1348.
Package xcolor Info: Model `hsb' substituted by `rgb' on input line 1352.
Package xcolor Info: Model `RGB' extended on input line 1364.
Package xcolor Info: Model `HTML' substituted by `rgb' on input line 1366.
Package xcolor Info: Model `Hsb' substituted by `hsb' on input line 1367.
Package xcolor Info: Model `tHsb' substituted by `hsb' on input line 1368.
Package xcolor Info: Model `HSB' substituted by `hsb' on input line 1369.
Package xcolor Info: Model `Gray' substituted by `gray' on input line 1370.
Package xcolor Info: Model `wave' substituted by `hsb' on input line 1371.
)
(d:/texlive/2021/texmf-dist/tex/generic/pgf/basiclayer/pgfcore.code.tex
Package: pgfcore 2020/12/27 v3.1.8b (3.1.8b)

(d:/texlive/2021/texmf-dist/tex/generic/pgf/math/pgfmath.code.tex
(d:/texlive/2021/texmf-dist/tex/generic/pgf/math/pgfmathcalc.code.tex
(d:/texlive/2021/texmf-dist/tex/generic/pgf/math/pgfmathutil.code.tex)
(d:/texlive/2021/texmf-dist/tex/generic/pgf/math/pgfmathparser.code.tex
\pgfmath@dimen=\dimen162
\pgfmath@count=\count270
\pgfmath@box=\box50
\pgfmath@toks=\toks28
\pgfmath@stack@operand=\toks29
\pgfmath@stack@operation=\toks30
)
(d:/texlive/2021/texmf-dist/tex/generic/pgf/math/pgfmathfunctions.code.tex
(d:/texlive/2021/texmf-dist/tex/generic/pgf/math/pgfmathfunctions.basic.code.te
x)
(d:/texlive/2021/texmf-dist/tex/generic/pgf/math/pgfmathfunctions.trigonometric
.code.tex)
(d:/texlive/2021/texmf-dist/tex/generic/pgf/math/pgfmathfunctions.random.code.t
ex)
(d:/texlive/2021/texmf-dist/tex/generic/pgf/math/pgfmathfunctions.comparison.co
de.tex)
(d:/texlive/2021/texmf-dist/tex/generic/pgf/math/pgfmathfunctions.base.code.tex
)
(d:/texlive/2021/texmf-dist/tex/generic/pgf/math/pgfmathfunctions.round.code.te
x)
(d:/texlive/2021/texmf-dist/tex/generic/pgf/math/pgfmathfunctions.misc.code.tex
)
(d:/texlive/2021/texmf-dist/tex/generic/pgf/math/pgfmathfunctions.integerarithm
etics.code.tex)))
(d:/texlive/2021/texmf-dist/tex/generic/pgf/math/pgfmathfloat.code.tex
\c@pgfmathroundto@lastzeros=\count271
))
(d:/texlive/2021/texmf-dist/tex/generic/pgf/math/pgfint.code.tex)
(d:/texlive/2021/texmf-dist/tex/generic/pgf/basiclayer/pgfcorepoints.code.tex
File: pgfcorepoints.code.tex 2020/12/27 v3.1.8b (3.1.8b)
\pgf@picminx=\dimen163
\pgf@picmaxx=\dimen164
\pgf@picminy=\dimen165
\pgf@picmaxy=\dimen166
\pgf@pathminx=\dimen167
\pgf@pathmaxx=\dimen168
\pgf@pathminy=\dimen169
\pgf@pathmaxy=\dimen170
\pgf@xx=\dimen171
\pgf@xy=\dimen172
\pgf@yx=\dimen173
\pgf@yy=\dimen174
\pgf@zx=\dimen175
\pgf@zy=\dimen176
)
(d:/texlive/2021/texmf-dist/tex/generic/pgf/basiclayer/pgfcorepathconstruct.cod
e.tex
File: pgfcorepathconstruct.code.tex 2020/12/27 v3.1.8b (3.1.8b)
\pgf@path@lastx=\dimen177
\pgf@path@lasty=\dimen178
)
(d:/texlive/2021/texmf-dist/tex/generic/pgf/basiclayer/pgfcorepathusage.code.te
x
File: pgfcorepathusage.code.tex 2020/12/27 v3.1.8b (3.1.8b)
\pgf@shorten@end@additional=\dimen179
\pgf@shorten@start@additional=\dimen180
)
(d:/texlive/2021/texmf-dist/tex/generic/pgf/basiclayer/pgfcorescopes.code.tex
File: pgfcorescopes.code.tex 2020/12/27 v3.1.8b (3.1.8b)
\pgfpic=\box51
\pgf@hbox=\box52
\pgf@layerbox@main=\box53
\pgf@picture@serial@count=\count272
)
(d:/texlive/2021/texmf-dist/tex/generic/pgf/basiclayer/pgfcoregraphicstate.code
.tex
File: pgfcoregraphicstate.code.tex 2020/12/27 v3.1.8b (3.1.8b)
\pgflinewidth=\dimen181
)
(d:/texlive/2021/texmf-dist/tex/generic/pgf/basiclayer/pgfcoretransformations.c
ode.tex
File: pgfcoretransformations.code.tex 2020/12/27 v3.1.8b (3.1.8b)
\pgf@pt@x=\dimen182
\pgf@pt@y=\dimen183
\pgf@pt@temp=\dimen184
)
(d:/texlive/2021/texmf-dist/tex/generic/pgf/basiclayer/pgfcorequick.code.tex
File: pgfcorequick.code.tex 2020/12/27 v3.1.8b (3.1.8b)
)
(d:/texlive/2021/texmf-dist/tex/generic/pgf/basiclayer/pgfcoreobjects.code.tex
File: pgfcoreobjects.code.tex 2020/12/27 v3.1.8b (3.1.8b)
)
(d:/texlive/2021/texmf-dist/tex/generic/pgf/basiclayer/pgfcorepathprocessing.co
de.tex
File: pgfcorepathprocessing.code.tex 2020/12/27 v3.1.8b (3.1.8b)
)
(d:/texlive/2021/texmf-dist/tex/generic/pgf/basiclayer/pgfcorearrows.code.tex
File: pgfcorearrows.code.tex 2020/12/27 v3.1.8b (3.1.8b)
\pgfarrowsep=\dimen185
)
(d:/texlive/2021/texmf-dist/tex/generic/pgf/basiclayer/pgfcoreshade.code.tex
File: pgfcoreshade.code.tex 2020/12/27 v3.1.8b (3.1.8b)
\pgf@max=\dimen186
\pgf@sys@shading@range@num=\count273
\pgf@shadingcount=\count274
)
(d:/texlive/2021/texmf-dist/tex/generic/pgf/basiclayer/pgfcoreimage.code.tex
File: pgfcoreimage.code.tex 2020/12/27 v3.1.8b (3.1.8b)

(d:/texlive/2021/texmf-dist/tex/generic/pgf/basiclayer/pgfcoreexternal.code.tex
File: pgfcoreexternal.code.tex 2020/12/27 v3.1.8b (3.1.8b)
\pgfexternal@startupbox=\box54
))
(d:/texlive/2021/texmf-dist/tex/generic/pgf/basiclayer/pgfcorelayers.code.tex
File: pgfcorelayers.code.tex 2020/12/27 v3.1.8b (3.1.8b)
)
(d:/texlive/2021/texmf-dist/tex/generic/pgf/basiclayer/pgfcoretransparency.code
.tex
File: pgfcoretransparency.code.tex 2020/12/27 v3.1.8b (3.1.8b)
)
(d:/texlive/2021/texmf-dist/tex/generic/pgf/basiclayer/pgfcorepatterns.code.tex
File: pgfcorepatterns.code.tex 2020/12/27 v3.1.8b (3.1.8b)
) (d:/texlive/2021/texmf-dist/tex/generic/pgf/basiclayer/pgfcorerdf.code.tex
File: pgfcorerdf.code.tex 2020/12/27 v3.1.8b (3.1.8b)
))) (d:/texlive/2021/texmf-dist/tex/generic/pgf/modules/pgfmoduleshapes.code.te
x
File: pgfmoduleshapes.code.tex 2020/12/27 v3.1.8b (3.1.8b)
\pgfnodeparttextbox=\box55
)
(d:/texlive/2021/texmf-dist/tex/generic/pgf/modules/pgfmoduleplot.code.tex
File: pgfmoduleplot.code.tex 2020/12/27 v3.1.8b (3.1.8b)
)
(d:/texlive/2021/texmf-dist/tex/latex/pgf/compatibility/pgfcomp-version-0-65.st
y
Package: pgfcomp-version-0-65 2020/12/27 v3.1.8b (3.1.8b)
\pgf@nodesepstart=\dimen187
\pgf@nodesepend=\dimen188
)
(d:/texlive/2021/texmf-dist/tex/latex/pgf/compatibility/pgfcomp-version-1-18.st
y
Package: pgfcomp-version-1-18 2020/12/27 v3.1.8b (3.1.8b)
)) (d:/texlive/2021/texmf-dist/tex/latex/pgf/utilities/pgffor.sty
(d:/texlive/2021/texmf-dist/tex/latex/pgf/utilities/pgfkeys.sty
(d:/texlive/2021/texmf-dist/tex/generic/pgf/utilities/pgfkeys.code.tex))
(d:/texlive/2021/texmf-dist/tex/latex/pgf/math/pgfmath.sty
(d:/texlive/2021/texmf-dist/tex/generic/pgf/math/pgfmath.code.tex))
(d:/texlive/2021/texmf-dist/tex/generic/pgf/utilities/pgffor.code.tex
Package: pgffor 2020/12/27 v3.1.8b (3.1.8b)

(d:/texlive/2021/texmf-dist/tex/generic/pgf/math/pgfmath.code.tex)
\pgffor@iter=\dimen189
\pgffor@skip=\dimen190
\pgffor@stack=\toks31
\pgffor@toks=\toks32
))
(d:/texlive/2021/texmf-dist/tex/generic/pgf/frontendlayer/tikz/tikz.code.tex
Package: tikz 2020/12/27 v3.1.8b (3.1.8b)

(d:/texlive/2021/texmf-dist/tex/generic/pgf/libraries/pgflibraryplothandlers.co
de.tex
File: pgflibraryplothandlers.code.tex 2020/12/27 v3.1.8b (3.1.8b)
\pgf@plot@mark@count=\count275
\pgfplotmarksize=\dimen191
)
\tikz@lastx=\dimen192
\tikz@lasty=\dimen193
\tikz@lastxsaved=\dimen194
\tikz@lastysaved=\dimen195
\tikz@lastmovetox=\dimen196
\tikz@lastmovetoy=\dimen197
\tikzleveldistance=\dimen198
\tikzsiblingdistance=\dimen199
\tikz@figbox=\box56
\tikz@figbox@bg=\box57
\tikz@tempbox=\box58
\tikz@tempbox@bg=\box59
\tikztreelevel=\count276
\tikznumberofchildren=\count277
\tikznumberofcurrentchild=\count278
\tikz@fig@count=\count279

(d:/texlive/2021/texmf-dist/tex/generic/pgf/modules/pgfmodulematrix.code.tex
File: pgfmodulematrix.code.tex 2020/12/27 v3.1.8b (3.1.8b)
\pgfmatrixcurrentrow=\count280
\pgfmatrixcurrentcolumn=\count281
\pgf@matrix@numberofcolumns=\count282
)
\tikz@expandcount=\count283

(d:/texlive/2021/texmf-dist/tex/generic/pgf/frontendlayer/tikz/libraries/tikzli
brarytopaths.code.tex
File: tikzlibrarytopaths.code.tex 2020/12/27 v3.1.8b (3.1.8b)
)))
(d:/texlive/2021/texmf-dist/tex/latex/l3backend/l3backend-pdftex.def
File: l3backend-pdftex.def 2021-03-18 L3 backend support: PDF output (pdfTeX)
\l__color_backend_stack_int=\count284
\l__pdf_internal_box=\box60
)
(./rapportSteinerMaxencePerion.aux)
\openout1 = `rapportSteinerMaxencePerion.aux'.

LaTeX Font Info:    Checking defaults for OML/cmm/m/it on input line 18.
LaTeX Font Info:    ... okay on input line 18.
LaTeX Font Info:    Checking defaults for OMS/cmsy/m/n on input line 18.
LaTeX Font Info:    ... okay on input line 18.
LaTeX Font Info:    Checking defaults for OT1/cmr/m/n on input line 18.
LaTeX Font Info:    ... okay on input line 18.
LaTeX Font Info:    Checking defaults for T1/cmr/m/n on input line 18.
LaTeX Font Info:    ... okay on input line 18.
LaTeX Font Info:    Checking defaults for TS1/cmr/m/n on input line 18.
LaTeX Font Info:    ... okay on input line 18.
LaTeX Font Info:    Checking defaults for OMX/cmex/m/n on input line 18.
LaTeX Font Info:    ... okay on input line 18.
LaTeX Font Info:    Checking defaults for U/cmr/m/n on input line 18.
LaTeX Font Info:    ... okay on input line 18.
LaTeX Info: Redefining \degres on input line 18.
LaTeX Info: Redefining \dots on input line 18.
LaTeX Info: Redefining \up on input line 18.

(d:/texlive/2021/texmf-dist/tex/context/base/mkii/supp-pdf.mkii
[Loading MPS to PDF converter (version 2006.09.02).]
\scratchcounter=\count285
\scratchdimen=\dimen256
\scratchbox=\box61
\nofMPsegments=\count286
\nofMParguments=\count287
\everyMPshowfont=\toks33
\MPscratchCnt=\count288
\MPscratchDim=\dimen257
\MPnumerator=\count289
\makeMPintoPDFobject=\count290
\everyMPtoPDFconversion=\toks34
) (d:/texlive/2021/texmf-dist/tex/latex/epstopdf-pkg/epstopdf-base.sty
Package: epstopdf-base 2020-01-24 v2.11 Base part for package epstopdf
Package epstopdf-base Info: Redefining graphics rule for `.eps' on input line 4
85.

(d:/texlive/2021/texmf-dist/tex/latex/latexconfig/epstopdf-sys.cfg
File: epstopdf-sys.cfg 2010/07/13 v1.3 Configuration of (r)epstopdf for TeX Liv
e
))
LaTeX Font Info:    External font `cmex10' loaded for size
(Font)              <12> on input line 19.
LaTeX Font Info:    External font `cmex10' loaded for size
(Font)              <8> on input line 19.
LaTeX Font Info:    External font `cmex10' loaded for size
(Font)              <6> on input line 19.

(./rapportSteinerMaxencePerion.toc
LaTeX Font Info:    External font `cmex10' loaded for size
(Font)              <7> on input line 3.
LaTeX Font Info:    External font `cmex10' loaded for size
(Font)              <5> on input line 3.
)
\tf@toc=\write4
\openout4 = `rapportSteinerMaxencePerion.toc'.

 [1

{d:/texlive/2021/texmf-var/fonts/map/pdftex/updmap/pdftex.map}]
Underfull \hbox (badness 10000) in paragraph at lines 32--32

 []

<images/multicast.png, id=14, 480.79625pt x 294.09875pt>
File: images/multicast.png Graphic file (type png)
<use images/multicast.png>
Package pdftex.def Info: images/multicast.png  used on input line 34.
(pdftex.def)             Requested size: 199.16928pt x 121.8333pt.

Underfull \hbox (badness 10000) in paragraph at lines 43--43

 []


Underfull \hbox (badness 10000) in paragraph at lines 45--45

 []

[2 <./images/multicast.png>]
Underfull \hbox (badness 10000) in paragraph at lines 49--49

 []

<images/setcover.png, id=20, 375.4025pt x 168.63pt>
File: images/setcover.png Graphic file (type png)
<use images/setcover.png>
Package pdftex.def Info: images/setcover.png  used on input line 53.
(pdftex.def)             Requested size: 199.16928pt x 89.46867pt.

Underfull \hbox (badness 10000) in paragraph at lines 51--56

 []


Underfull \hbox (badness 10000) in paragraph at lines 58--60

 []

[3 <./images/setcover.png>]
Underfull \hbox (badness 10000) in paragraph at lines 99--99

 []

[4]
Underfull \hbox (badness 10000) in paragraph at lines 101--102

 []


Underfull \hbox (badness 10000) in paragraph at lines 104--105

 []


Underfull \hbox (badness 10000) in paragraph at lines 107--107

 []

[5] [6]
Underfull \hbox (badness 10000) in paragraph at lines 138--138

 []


Underfull \hbox (badness 10000) in paragraph at lines 140--142

 []

[7]
<images/recuitsimule.png, id=43, 283.0575pt x 179.67125pt>
File: images/recuitsimule.png Graphic file (type png)
<use images/recuitsimule.png>
Package pdftex.def Info: images/recuitsimule.png  used on input line 145.
(pdftex.def)             Requested size: 199.16928pt x 126.42697pt.

Underfull \hbox (badness 10000) in paragraph at lines 153--153

 []

[8 <./images/recuitsimule.png>]
<images/algogenetique.png, id=48, 1204.5pt x 513.92pt>
File: images/algogenetique.png Graphic file (type png)
<use images/algogenetique.png>
Package pdftex.def Info: images/algogenetique.png  used on input line 158.
(pdftex.def)             Requested size: 199.16928pt x 84.9735pt.

Underfull \hbox (badness 10000) in paragraph at lines 163--163

 []

[9 <./images/algogenetique.png>]
Underfull \hbox (badness 10000) in paragraph at lines 168--168

 []


Underfull \hbox (badness 10000) in paragraph at lines 173--174

 []

[10]
Underfull \hbox (badness 10000) in paragraph at lines 186--186

 []

<images/B04learnrate09.png, id=57, 376.40625pt x 264.99pt>
File: images/B04learnrate09.png Graphic file (type png)
<use images/B04learnrate09.png>
Package pdftex.def Info: images/B04learnrate09.png  used on input line 191.
(pdftex.def)             Requested size: 199.16928pt x 140.21759pt.
<images/B02learnrate09.png, id=58, 376.40625pt x 264.99pt>
File: images/B02learnrate09.png Graphic file (type png)
<use images/B02learnrate09.png>
Package pdftex.def Info: images/B02learnrate09.png  used on input line 191.
(pdftex.def)             Requested size: 199.16928pt x 140.21759pt.
<images/B04learnrate099.png, id=59, 381.425pt x 264.99pt>
File: images/B04learnrate099.png Graphic file (type png)
<use images/B04learnrate099.png>
Package pdftex.def Info: images/B04learnrate099.png  used on input line 194.
(pdftex.def)             Requested size: 199.16928pt x 138.36975pt.
<images/B02learnrate099.png, id=60, 376.40625pt x 264.99pt>
File: images/B02learnrate099.png Graphic file (type png)
<use images/B02learnrate099.png>
Package pdftex.def Info: images/B02learnrate099.png  used on input line 194.
(pdftex.def)             Requested size: 199.16928pt x 140.21759pt.
[11]
<images/B04learnrate0999.png, id=64, 382.42876pt x 264.99pt>
File: images/B04learnrate0999.png Graphic file (type png)
<use images/B04learnrate0999.png>
Package pdftex.def Info: images/B04learnrate0999.png  used on input line 197.
(pdftex.def)             Requested size: 199.16928pt x 138.00584pt.
<images/B02learnrate0999.png, id=65, 376.40625pt x 264.99pt>
File: images/B02learnrate0999.png Graphic file (type png)
<use images/B02learnrate0999.png>
Package pdftex.def Info: images/B02learnrate0999.png  used on input line 197.
(pdftex.def)             Requested size: 199.16928pt x 140.21759pt.
<images/B04learnrate0999t.png, id=66, 376.40625pt x 264.99pt>
File: images/B04learnrate0999t.png Graphic file (type png)
<use images/B04learnrate0999t.png>
Package pdftex.def Info: images/B04learnrate0999t.png  used on input line 203.
(pdftex.def)             Requested size: 199.16928pt x 140.21759pt.
<images/B02learnrate0999t.png, id=67, 388.45125pt x 264.99pt>
File: images/B02learnrate0999t.png Graphic file (type png)
<use images/B02learnrate0999t.png>
Package pdftex.def Info: images/B02learnrate0999t.png  used on input line 203.
(pdftex.def)             Requested size: 199.16928pt x 135.87093pt.
 [12 <./images/B04learnrate09.png> <./images/B02learnrate09.png> <./images/B04l
earnrate099.png> <./images/B02learnrate099.png> <./images/B04learnrate0999.png>
 <./images/B02learnrate0999.png>]
<images/B04temp.png, id=77, 376.40625pt x 264.99pt>
File: images/B04temp.png Graphic file (type png)
<use images/B04temp.png>
Package pdftex.def Info: images/B04temp.png  used on input line 212.
(pdftex.def)             Requested size: 199.16928pt x 140.21759pt.
<images/B02temp.png, id=78, 376.40625pt x 264.99pt>
File: images/B02temp.png Graphic file (type png)
<use images/B02temp.png>
Package pdftex.def Info: images/B02temp.png  used on input line 212.
(pdftex.def)             Requested size: 199.16928pt x 140.21759pt.

Underfull \hbox (badness 10000) in paragraph at lines 220--220

 []

[13 <./images/B04learnrate0999t.png> <./images/B02learnrate0999t.png> <./images
/B04temp.png> <./images/B02temp.png>]
<images/B04pop.png, id=87, 376.40625pt x 264.99pt>
File: images/B04pop.png Graphic file (type png)
<use images/B04pop.png>
Package pdftex.def Info: images/B04pop.png  used on input line 225.
(pdftex.def)             Requested size: 199.16928pt x 140.21759pt.
<images/B02pop.png, id=88, 376.40625pt x 264.99pt>
File: images/B02pop.png Graphic file (type png)
<use images/B02pop.png>
Package pdftex.def Info: images/B02pop.png  used on input line 225.
(pdftex.def)             Requested size: 199.16928pt x 140.21759pt.
<images/B04mut10.png, id=89, 376.40625pt x 264.99pt>
File: images/B04mut10.png Graphic file (type png)
<use images/B04mut10.png>
Package pdftex.def Info: images/B04mut10.png  used on input line 235.
(pdftex.def)             Requested size: 199.16928pt x 140.21759pt.
<images/B02mut10.png, id=90, 376.40625pt x 264.99pt>
File: images/B02mut10.png Graphic file (type png)
<use images/B02mut10.png>
Package pdftex.def Info: images/B02mut10.png  used on input line 235.
(pdftex.def)             Requested size: 199.16928pt x 140.21759pt.
 [14 <./images/B04pop.png> <./images/B02pop.png>]
<images/B04mut25.png, id=96, 376.40625pt x 264.99pt>
File: images/B04mut25.png Graphic file (type png)
<use images/B04mut25.png>
Package pdftex.def Info: images/B04mut25.png  used on input line 239.
(pdftex.def)             Requested size: 199.16928pt x 140.21759pt.
<images/B02mut25.png, id=97, 376.40625pt x 264.99pt>
File: images/B02mut25.png Graphic file (type png)
<use images/B02mut25.png>
Package pdftex.def Info: images/B02mut25.png  used on input line 239.
(pdftex.def)             Requested size: 199.16928pt x 140.21759pt.
<images/B04gen.png, id=98, 376.40625pt x 264.99pt>
File: images/B04gen.png Graphic file (type png)
<use images/B04gen.png>
Package pdftex.def Info: images/B04gen.png  used on input line 248.
(pdftex.def)             Requested size: 199.16928pt x 140.21759pt.
<images/B02gen.png, id=99, 376.40625pt x 264.99pt>
File: images/B02gen.png Graphic file (type png)
<use images/B02gen.png>
Package pdftex.def Info: images/B02gen.png  used on input line 248.
(pdftex.def)             Requested size: 199.16928pt x 140.21759pt.
 [15 <./images/B04mut10.png> <./images/B02mut10.png> <./images/B04mut25.png> <.
/images/B02mut25.png>]
<images/B02perf.png, id=107, 376.40625pt x 264.99pt>
File: images/B02perf.png Graphic file (type png)
<use images/B02perf.png>
Package pdftex.def Info: images/B02perf.png  used on input line 257.
(pdftex.def)             Requested size: 199.16928pt x 140.21759pt.
<images/B04perf.png, id=108, 376.40625pt x 264.99pt>
File: images/B04perf.png Graphic file (type png)
<use images/B04perf.png>
Package pdftex.def Info: images/B04perf.png  used on input line 257.
(pdftex.def)             Requested size: 199.16928pt x 140.21759pt.
 [16 <./images/B04gen.png> <./images/B02gen.png> <./images/B02perf.png> <./imag
es/B04perf.png>] [17]
(./rapportSteinerMaxencePerion.aux) ) 
Here is how much of TeX's memory you used:
 13602 strings out of 478994
 268829 string characters out of 5862208
 552654 words of memory out of 5000000
 30849 multiletter control sequences out of 15000+600000
 412229 words of font info for 44 fonts, out of 8000000 for 9000
 1141 hyphenation exceptions out of 8191
 87i,7n,89p,1106b,692s stack positions out of 5000i,500n,10000p,200000b,80000s
{d:/texlive/2021/texmf-dist/fonts/enc/dvip
s/cm-super/cm-super-t1.enc}<d:/texlive/2021/texmf-dist/fonts/type1/public/amsfo
nts/cm/cmmi10.pfb><d:/texlive/2021/texmf-dist/fonts/type1/public/amsfonts/cm/cm
mi7.pfb><d:/texlive/2021/texmf-dist/fonts/type1/public/amsfonts/cm/cmr10.pfb><d
:/texlive/2021/texmf-dist/fonts/type1/public/amsfonts/cm/cmr7.pfb><d:/texlive/2
021/texmf-dist/fonts/type1/public/amsfonts/cm/cmsy10.pfb><d:/texlive/2021/texmf
-dist/fonts/type1/public/amsfonts/cm/cmsy7.pfb><d:/texlive/2021/texmf-dist/font
s/type1/public/cm-super/sfbx1000.pfb><d:/texlive/2021/texmf-dist/fonts/type1/pu
blic/cm-super/sfbx1200.pfb><d:/texlive/2021/texmf-dist/fonts/type1/public/cm-su
per/sfbx1440.pfb><d:/texlive/2021/texmf-dist/fonts/type1/public/cm-super/sfcc10
00.pfb><d:/texlive/2021/texmf-dist/fonts/type1/public/cm-super/sfrm1000.pfb><d:
/texlive/2021/texmf-dist/fonts/type1/public/cm-super/sfrm1200.pfb><d:/texlive/2
021/texmf-dist/fonts/type1/public/cm-super/sfrm1728.pfb>
Output written on rapportSteinerMaxencePerion.pdf (17 pages, 667078 bytes).
PDF statistics:
 162 PDF objects out of 1000 (max. 8388607)
 83 compressed objects within 1 object stream
 0 named destinations out of 1000 (max. 500000)
 133 words of extra memory for PDF output out of 10000 (max. 10000000)

